0 info it worked if it ends with ok
1 verbose cli [ 'C:\\Program Files\\nodejs\\node.exe',
1 verbose cli   'C:\\Users\\ben_cripps\\AppData\\Roaming\\npm\\node_modules\\npm\\bin\\npm-cli.js',
1 verbose cli   'run',
1 verbose cli   'ci-build-stable' ]
2 info using npm@3.7.1
3 info using node@v5.4.0
4 verbose run-script [ 'preci-build-stable',
4 verbose run-script   'ci-build-stable',
4 verbose run-script   'postci-build-stable' ]
5 info lifecycle generator-mozu-theme@2.0.13~preci-build-stable: generator-mozu-theme@2.0.13
6 silly lifecycle generator-mozu-theme@2.0.13~preci-build-stable: no script for preci-build-stable, continuing
7 info lifecycle generator-mozu-theme@2.0.13~ci-build-stable: generator-mozu-theme@2.0.13
8 verbose lifecycle generator-mozu-theme@2.0.13~ci-build-stable: unsafe-perm in lifecycle true
9 verbose lifecycle generator-mozu-theme@2.0.13~ci-build-stable: PATH: C:\Users\ben_cripps\AppData\Roaming\npm\node_modules\npm\bin\node-gyp-bin;C:\code\generator-mozu-theme\node_modules\.bin;C:\Program Files\nodejs;C:\Program Files\ConEmu\ConEmu;C:\Program Files\ConEmu;C:\Users\ben_cripps\bin\Sencha\Cmd\4.0.4.84;C:\ProgramData\Oracle\Java\javapath;C:\WINDOWS\system32;C:\WINDOWS;C:\WINDOWS\System32\Wbem;C:\WINDOWS\System32\WindowsPowerShell\v1.0\;C:\Program Files (x86)\Windows Kits\8.1\Windows Performance Toolkit\;C:\Program Files\Microsoft SQL Server\110\Tools\Binn\;C:\ProgramData\chocolatey\bin;C:\python27;C:\Program Files (x86)\Microsoft SDKs\TypeScript\1.0\;C:\Program Files\Microsoft SQL Server\120\Tools\Binn\;C:\Program Files (x86)\WinMerge;C:\Program Files\Git\cmd;C:\WINDOWS\system32\config\systemprofile\.dnx\bin;C:\Program Files\Microsoft DNX\Dnvm\;C:\Program Files\TortoiseGit\bin;C:\Program Files\nodejs\;C:\Ruby21\bin;C:\git;C:\git\cmd;C:\windows\Microsoft.NET\framework\v4.0.30319;C:\Python27;C:\Program Files (x86)\Microsoft Visual Studio 12.0\Common7\IDE;C:\Program Files (x86)\WinMerge\WinMergeU.exe;C:\Users\ben_cripps\AppData\Roaming\npm
10 verbose lifecycle generator-mozu-theme@2.0.13~ci-build-stable: CWD: C:\code\generator-mozu-theme
11 silly lifecycle generator-mozu-theme@2.0.13~ci-build-stable: Args: [ '/d /s /c', 'npm run ci-build' ]
12 silly lifecycle generator-mozu-theme@2.0.13~ci-build-stable: Returned: code: 0  signal: null
13 info lifecycle generator-mozu-theme@2.0.13~postci-build-stable: generator-mozu-theme@2.0.13
14 verbose lifecycle generator-mozu-theme@2.0.13~postci-build-stable: unsafe-perm in lifecycle true
15 verbose lifecycle generator-mozu-theme@2.0.13~postci-build-stable: PATH: C:\Users\ben_cripps\AppData\Roaming\npm\node_modules\npm\bin\node-gyp-bin;C:\code\generator-mozu-theme\node_modules\.bin;C:\Program Files\nodejs;C:\Program Files\ConEmu\ConEmu;C:\Program Files\ConEmu;C:\Users\ben_cripps\bin\Sencha\Cmd\4.0.4.84;C:\ProgramData\Oracle\Java\javapath;C:\WINDOWS\system32;C:\WINDOWS;C:\WINDOWS\System32\Wbem;C:\WINDOWS\System32\WindowsPowerShell\v1.0\;C:\Program Files (x86)\Windows Kits\8.1\Windows Performance Toolkit\;C:\Program Files\Microsoft SQL Server\110\Tools\Binn\;C:\ProgramData\chocolatey\bin;C:\python27;C:\Program Files (x86)\Microsoft SDKs\TypeScript\1.0\;C:\Program Files\Microsoft SQL Server\120\Tools\Binn\;C:\Program Files (x86)\WinMerge;C:\Program Files\Git\cmd;C:\WINDOWS\system32\config\systemprofile\.dnx\bin;C:\Program Files\Microsoft DNX\Dnvm\;C:\Program Files\TortoiseGit\bin;C:\Program Files\nodejs\;C:\Ruby21\bin;C:\git;C:\git\cmd;C:\windows\Microsoft.NET\framework\v4.0.30319;C:\Python27;C:\Program Files (x86)\Microsoft Visual Studio 12.0\Common7\IDE;C:\Program Files (x86)\WinMerge\WinMergeU.exe;C:\Users\ben_cripps\AppData\Roaming\npm
16 verbose lifecycle generator-mozu-theme@2.0.13~postci-build-stable: CWD: C:\code\generator-mozu-theme
17 silly lifecycle generator-mozu-theme@2.0.13~postci-build-stable: Args: [ '/d /s /c', 'mozu-validate-npm-package' ]
18 silly lifecycle generator-mozu-theme@2.0.13~postci-build-stable: Returned: code: 1  signal: null
19 info lifecycle generator-mozu-theme@2.0.13~postci-build-stable: Failed to exec postci-build-stable script
20 verbose stack Error: generator-mozu-theme@2.0.13 postci-build-stable: `mozu-validate-npm-package`
20 verbose stack Exit status 1
20 verbose stack     at EventEmitter.<anonymous> (C:\Users\ben_cripps\AppData\Roaming\npm\node_modules\npm\lib\utils\lifecycle.js:239:16)
20 verbose stack     at emitTwo (events.js:87:13)
20 verbose stack     at EventEmitter.emit (events.js:172:7)
20 verbose stack     at ChildProcess.<anonymous> (C:\Users\ben_cripps\AppData\Roaming\npm\node_modules\npm\lib\utils\spawn.js:24:14)
20 verbose stack     at emitTwo (events.js:87:13)
20 verbose stack     at ChildProcess.emit (events.js:172:7)
20 verbose stack     at maybeClose (internal/child_process.js:821:16)
20 verbose stack     at Process.ChildProcess._handle.onexit (internal/child_process.js:211:5)
21 verbose pkgid generator-mozu-theme@2.0.13
22 verbose cwd C:\code\generator-mozu-theme
23 error Windows_NT 6.3.9600
24 error argv "C:\\Program Files\\nodejs\\node.exe" "C:\\Users\\ben_cripps\\AppData\\Roaming\\npm\\node_modules\\npm\\bin\\npm-cli.js" "run" "ci-build-stable"
25 error node v5.4.0
26 error npm  v3.7.1
27 error code ELIFECYCLE
28 error generator-mozu-theme@2.0.13 postci-build-stable: `mozu-validate-npm-package`
28 error Exit status 1
29 error Failed at the generator-mozu-theme@2.0.13 postci-build-stable script 'mozu-validate-npm-package'.
29 error Make sure you have the latest version of node.js and npm installed.
29 error If you do, this is most likely a problem with the generator-mozu-theme package,
29 error not with npm itself.
29 error Tell the author that this fails on your system:
29 error     mozu-validate-npm-package
29 error You can get information on how to open an issue for this project with:
29 error     npm bugs generator-mozu-theme
29 error Or if that isn't available, you can get their info via:
29 error     npm owner ls generator-mozu-theme
29 error There is likely additional logging output above.
30 verbose exit [ 1, true ]
